<?xml version="1.0" encoding="UTF-8"?>
<!-- Generated by org.testng.reporters.JUnitReportReporter -->
<testsuite hostname="DESKTOP-MQA8AAP" failures="0" tests="1" name="githh.scpt1" time="0.007" errors="0" timestamp="2024-08-14T02:31:18 IST" skipped="0">
  <testcase classname="githh.scpt1" name="rev" time="0.007"/>
  <system-out/>
</testsuite> <!-- githh.scpt1 -->
