<?xml version="1.0" encoding="UTF-8"?>
<!-- Generated by org.testng.reporters.JUnitReportReporter -->
<testsuite hostname="DESKTOP-MQA8AAP" failures="0" tests="1" name="githh.script2" time="0.012" errors="0" timestamp="2024-08-15T02:25:35 IST" skipped="0">
  <testcase classname="githh.script2" name="rev" time="0.012"/>
  <system-out/>
</testsuite> <!-- githh.script2 -->
